<?xml version="1.0" encoding="UTF-8"?>
<testng-results ignored="0" total="1" passed="1" failed="0" skipped="0">
  <reporter-output>
  </reporter-output>
  <suite started-at="2026-05-20T14:33:05 IST" name="Default suite" finished-at="2026-05-20T14:33:29 IST" duration-ms="24394">
    <groups>
    </groups>
    <test started-at="2026-05-20T14:33:05 IST" name="Default test" finished-at="2026-05-20T14:33:29 IST" duration-ms="24394">
      <class name="Maven_sample_package.Login">
        <test-method is-config="true" signature="beforeTest()[pri:0, instance:Maven_sample_package.Login@45752059]" started-at="2026-05-20T14:33:05 IST" name="beforeTest" finished-at="2026-05-20T14:33:18 IST" duration-ms="13094" status="PASS">
          <reporter-output>
          </reporter-output>
        </test-method> <!-- beforeTest -->
        <test-method signature="f()[pri:0, instance:Maven_sample_package.Login@45752059]" started-at="2026-05-20T14:33:18 IST" name="f" finished-at="2026-05-20T14:33:29 IST" duration-ms="10739" status="PASS">
          <reporter-output>
          </reporter-output>
        </test-method> <!-- f -->
        <test-method is-config="true" signature="afterTest()[pri:0, instance:Maven_sample_package.Login@45752059]" started-at="2026-05-20T14:33:29 IST" name="afterTest" finished-at="2026-05-20T14:33:29 IST" duration-ms="255" status="PASS">
          <reporter-output>
          </reporter-output>
        </test-method> <!-- afterTest -->
      </class> <!-- Maven_sample_package.Login -->
    </test> <!-- Default test -->
  </suite> <!-- Default suite -->
</testng-results>
